<?xml version="1.0" encoding="utf-8"?><testsuites name="pytest tests"><testsuite name="pytest" errors="0" failures="0" skipped="0" tests="29" time="6.046" timestamp="2026-04-30T17:29:43.509603+00:00" hostname="agent-env-4bfb4124-68ed-4e9d-b6e4-23e21f9200b3"><testcase classname="backend.tests.test_iteration4.TestRolesAndAccent" name="test_platform_admin_role_and_accent" time="0.384" /><testcase classname="backend.tests.test_iteration4.TestRolesAndAccent" name="test_crease_admin" time="0.331" /><testcase classname="backend.tests.test_iteration4.TestRolesAndAccent" name="test_boundary_admin" time="0.334" /><testcase classname="backend.tests.test_iteration4.TestRolesAndAccent" name="test_stumps_admin" time="0.365" /><testcase classname="backend.tests.test_iteration4.TestRolesAndAccent" name="test_parent_and_coach_have_academy" time="0.685" /><testcase classname="backend.tests.test_iteration4.TestScopingPublicLists" name="test_lanes_scoped" time="0.222" /><testcase classname="backend.tests.test_iteration4.TestScopingPublicLists" name="test_coaches_scoped" time="0.157" /><testcase classname="backend.tests.test_iteration4.TestScopingPublicLists" name="test_games_scoped" time="0.150" /><testcase classname="backend.tests.test_iteration4.TestAdminScoping" name="test_admin_users_scoped" time="0.169" /><testcase classname="backend.tests.test_iteration4.TestAdminScoping" name="test_admin_stats_scoped" time="0.139" /><testcase classname="backend.tests.test_iteration4.TestAdminScoping" name="test_admin_charts_scoped" time="0.101" /><testcase classname="backend.tests.test_iteration4.TestAdminScoping" name="test_staff_usage_scoped" time="0.209" /><testcase classname="backend.tests.test_iteration4.TestAdminScoping" name="test_admin_bookings_sessions_progress_fees_announcements" time="0.360" /><testcase classname="backend.tests.test_iteration4.TestRoleGating" name="test_parent_cannot_hit_admin" time="0.139" /><testcase classname="backend.tests.test_iteration4.TestRoleGating" name="test_parent_cannot_hit_staff" time="0.075" /><testcase classname="backend.tests.test_iteration4.TestRoleGating" name="test_academy_admin_cannot_create_academy" time="0.063" /><testcase classname="backend.tests.test_iteration4.TestRoleGating" name="test_platform_admin_can_list_academies" time="0.051" /><testcase classname="backend.tests.test_iteration4.TestCrossAcademyValidation" name="test_parent_booking_cross_academy_lane_rejected" time="0.173" /><testcase classname="backend.tests.test_iteration4.TestCrossAcademyValidation" name="test_parent_session_cross_academy_coach_rejected" time="0.171" /><testcase classname="backend.tests.test_iteration4.TestCrossAcademyValidation" name="test_academy_admin_progress_for_other_academy_user_rejected" time="0.119" /><testcase classname="backend.tests.test_iteration4.TestCrossAcademyValidation" name="test_academy_admin_fee_for_other_academy_user_rejected" time="0.126" /><testcase classname="backend.tests.test_iteration4.TestAcademyAdminScopedCRUD" name="test_create_lane_academy_tagged" time="0.145" /><testcase classname="backend.tests.test_iteration4.TestAcademyAdminScopedCRUD" name="test_create_coach_academy_tagged" time="0.193" /><testcase classname="backend.tests.test_iteration4.TestAcademyAdminScopedCRUD" name="test_create_game_academy_tagged" time="0.107" /><testcase classname="backend.tests.test_iteration4.TestNotifyScope" name="test_announcement_crease_reaches_parent" time="0.140" /><testcase classname="backend.tests.test_iteration4.TestNotifyScope" name="test_announcement_boundary_does_not_reach_crease_parent" time="0.152" /><testcase classname="backend.tests.test_iteration4.TestNotifyScope" name="test_game_notify_scoped" time="0.178" /><testcase classname="backend.tests.test_iteration4.TestRegression" name="test_parent_can_still_book_own_academy_lane" time="0.208" /><testcase classname="backend.tests.test_iteration4.TestRegression" name="test_parent_sessions_and_progress_me" time="0.286" /></testsuite></testsuites>