<?xml version="1.0" encoding="utf-8"?><testsuites name="pytest tests"><testsuite name="pytest" errors="0" failures="0" skipped="0" tests="29" time="3.762" timestamp="2026-04-30T16:40:28.247542+00:00" hostname="agent-env-4bfb4124-68ed-4e9d-b6e4-23e21f9200b3"><testcase classname="backend.tests.test_iteration2.TestAdminCharts" name="test_admin_charts_ok" time="0.438" /><testcase classname="backend.tests.test_iteration2.TestAdminCharts" name="test_admin_charts_forbidden_for_user" time="0.383" /><testcase classname="backend.tests.test_iteration2.TestAdminCharts" name="test_admin_charts_forbidden_for_coach" time="0.382" /><testcase classname="backend.tests.test_iteration2.TestAdminCharts" name="test_admin_charts_unauthenticated" time="0.108" /><testcase classname="backend.tests.test_iteration2.TestStaffLaneUsage" name="test_lane_usage_admin" time="0.054" /><testcase classname="backend.tests.test_iteration2.TestStaffLaneUsage" name="test_lane_usage_coach_allowed" time="0.053" /><testcase classname="backend.tests.test_iteration2.TestStaffLaneUsage" name="test_lane_usage_user_forbidden" time="0.049" /><testcase classname="backend.tests.test_iteration2.TestStaffCoachUsage" name="test_coach_usage_admin" time="0.054" /><testcase classname="backend.tests.test_iteration2.TestStaffCoachUsage" name="test_coach_usage_coach_allowed" time="0.054" /><testcase classname="backend.tests.test_iteration2.TestStaffCoachUsage" name="test_coach_usage_user_forbidden" time="0.046" /><testcase classname="backend.tests.test_iteration2.TestFees" name="test_user_sees_seeded_fees" time="0.052" /><testcase classname="backend.tests.test_iteration2.TestFees" name="test_list_fees_admin" time="0.060" /><testcase classname="backend.tests.test_iteration2.TestFees" name="test_list_fees_user_forbidden" time="0.048" /><testcase classname="backend.tests.test_iteration2.TestFees" name="test_create_mark_paid_delete_flow" time="0.472" /><testcase classname="backend.tests.test_iteration2.TestFees" name="test_create_fee_user_forbidden" time="0.047" /><testcase classname="backend.tests.test_iteration2.TestFees" name="test_create_fee_coach_forbidden" time="0.050" /><testcase classname="backend.tests.test_iteration2.TestFees" name="test_create_fee_bad_user" time="0.053" /><testcase classname="backend.tests.test_iteration2.TestFees" name="test_mark_paid_nonexistent" time="0.054" /><testcase classname="backend.tests.test_iteration2.TestFees" name="test_fees_me_unauthenticated" time="0.106" /><testcase classname="backend.tests.test_iteration2.TestRegression" name="test_cors_credentials_on_actual_request" time="0.332" /><testcase classname="backend.tests.test_iteration2.TestRegression" name="test_lanes_listing" time="0.116" /><testcase classname="backend.tests.test_iteration2.TestRegression" name="test_coaches_listing" time="0.145" /><testcase classname="backend.tests.test_iteration2.TestRegression" name="test_games_listing" time="0.157" /><testcase classname="backend.tests.test_iteration2.TestRegression" name="test_announcements_admin_list" time="0.057" /><testcase classname="backend.tests.test_iteration2.TestRegression" name="test_my_bookings_authenticated" time="0.048" /><testcase classname="backend.tests.test_iteration2.TestRegression" name="test_admin_stats" time="0.071" /><testcase classname="backend.tests.test_iteration2.TestRegression" name="test_progress_me" time="0.050" /><testcase classname="backend.tests.test_iteration2.TestRegression" name="test_notifications_me" time="0.053" /><testcase classname="backend.tests.test_iteration2.TestRegression" name="test_auth_me" time="0.057" /></testsuite></testsuites>