<?xml version="1.0" encoding="utf-8"?><testsuites name="pytest tests"><testsuite name="pytest" errors="0" failures="0" skipped="0" tests="33" time="7.398" timestamp="2026-04-30T16:22:25.218709+00:00" hostname="agent-env-4bfb4124-68ed-4e9d-b6e4-23e21f9200b3"><testcase classname="backend.tests.backend_test.TestAuth" name="test_admin_login" time="1.209" /><testcase classname="backend.tests.backend_test.TestAuth" name="test_user_login" time="0.380" /><testcase classname="backend.tests.backend_test.TestAuth" name="test_coach_login" time="0.339" /><testcase classname="backend.tests.backend_test.TestAuth" name="test_me_requires_auth" time="0.106" /><testcase classname="backend.tests.backend_test.TestAuth" name="test_me_returns_user" time="0.450" /><testcase classname="backend.tests.backend_test.TestAuth" name="test_register_and_logout" time="0.547" /><testcase classname="backend.tests.backend_test.TestAuth" name="test_invalid_login" time="0.122" /><testcase classname="backend.tests.backend_test.TestAuth" name="test_brute_force_lockout" time="0.404" /><testcase classname="backend.tests.backend_test.TestPublicData" name="test_lanes_seeded" time="0.124" /><testcase classname="backend.tests.backend_test.TestPublicData" name="test_coaches_seeded" time="0.108" /><testcase classname="backend.tests.backend_test.TestPublicData" name="test_games_seeded" time="0.126" /><testcase classname="backend.tests.backend_test.TestPublicData" name="test_awards_seeded" time="0.126" /><testcase classname="backend.tests.backend_test.TestBookings" name="test_create_booking" time="0.340" /><testcase classname="backend.tests.backend_test.TestBookings" name="test_conflict" time="0.050" /><testcase classname="backend.tests.backend_test.TestBookings" name="test_availability" time="0.112" /><testcase classname="backend.tests.backend_test.TestBookings" name="test_invalid_hours" time="0.065" /><testcase classname="backend.tests.backend_test.TestBookings" name="test_update_booking" time="0.057" /><testcase classname="backend.tests.backend_test.TestBookings" name="test_24h_rule" time="0.282" /><testcase classname="backend.tests.backend_test.TestBookings" name="test_cancel_booking" time="0.055" /><testcase classname="backend.tests.backend_test.TestSessions" name="test_coach_availability_and_create_session" time="0.383" /><testcase classname="backend.tests.backend_test.TestSessions" name="test_session_day_validation" time="0.172" /><testcase classname="backend.tests.backend_test.TestSessions" name="test_session_hours_out_of_range" time="0.165" /><testcase classname="backend.tests.backend_test.TestProgress" name="test_admin_creates_progress_user_sees" time="0.618" /><testcase classname="backend.tests.backend_test.TestProgress" name="test_user_cannot_create_progress" time="0.115" /><testcase classname="backend.tests.backend_test.TestGamesAndAnnouncements" name="test_admin_create_game_and_notify" time="0.205" /><testcase classname="backend.tests.backend_test.TestGamesAndAnnouncements" name="test_announcement" time="0.120" /><testcase classname="backend.tests.backend_test.TestRBAC" name="test_admin_stats" time="0.053" /><testcase classname="backend.tests.backend_test.TestRBAC" name="test_admin_users" time="0.059" /><testcase classname="backend.tests.backend_test.TestRBAC" name="test_user_forbidden_admin_stats" time="0.052" /><testcase classname="backend.tests.backend_test.TestRBAC" name="test_user_forbidden_create_lane" time="0.059" /><testcase classname="backend.tests.backend_test.TestRBAC" name="test_user_forbidden_create_game" time="0.049" /><testcase classname="backend.tests.backend_test.TestRBAC" name="test_admin_create_and_delete_lane" time="0.099" /><testcase classname="backend.tests.backend_test.TestNotifications" name="test_list_and_mark_read" time="0.105" /></testsuite></testsuites>